Drill report for /media/animeman/ESD-ISO/Users/animeman/Desktop/git/cgarcia2097-github/numpad/Design Files/keypad/numpad-1.0.kicad_pcb
Created on Sun 22 Nov 2020 02:32:41 AM

Copper Layer Stackup:
    =============================================================
    L1 :  F.Cu                      front
    L2 :  B.Cu                      back


Drill file 'numpad-1.0-PTH.drl' contains
    plated through holes:
    =============================================================
    T1  0.30mm  0.012"  (14 holes)
    T2  0.70mm  0.028"  (2 holes)
    T3  0.80mm  0.031"  (2 holes)
    T4  0.90mm  0.035"  (82 holes)
    T5  0.99mm  0.039"  (40 holes)
    T6  1.02mm  0.040"  (45 holes)
    T7  1.20mm  0.047"  (2 holes)
    T8  1.50mm  0.059"  (80 holes)

    Total plated holes count 267


Drill file 'numpad-1.0-NPTH.drl' contains
    unplated through holes:
    =============================================================
    T1  1.70mm  0.067"  (40 holes)
    T2  3.99mm  0.157"  (20 holes)

    Total unplated holes count 60
